# JRE version: Java(TM) SE Runtime Environment (8.0_144-b01) (build 1.8.0_144-b01)
# Java VM: Java HotSpot(TM) 64-Bit Server VM (25.144-b01 mixed mode windows-amd64 compressed oops)
Heap:
 PSYoungGen      total 394752K, used 336392K [0x000000076b500000, 0x0000000789b80000, 0x00000007c0000000)
  eden space 371712K, 90% used [0x000000076b500000,0x000000077fd82338,0x0000000782000000)
  from space 23040K, 0% used [0x0000000783580000,0x0000000783580000,0x0000000784c00000)
  to   space 22016K, 0% used [0x0000000782000000,0x0000000782000000,0x0000000783580000)
 ParOldGen       total 159744K, used 31871K [0x00000006c1e00000, 0x00000006cba00000, 0x000000076b500000)
  object space 159744K, 19% used [0x00000006c1e00000,0x00000006c3d1ff68,0x00000006cba00000)
 Metaspace       used 67583K, capacity 71062K, committed 71168K, reserved 1110016K
  class space    used 9388K, capacity 9965K, committed 9984K, reserved 1048576K
GC Heap History (10 events):
Event: 6.411 GC heap before
{Heap before GC invocations=9 (full 2):
 PSYoungGen      total 192000K, used 14331K [0x000000076b500000, 0x000000077fa80000, 0x00000007c0000000)
  eden space 177664K, 0% used [0x000000076b500000,0x000000076b500000,0x0000000776280000)
  from space 14336K, 99% used [0x0000000776280000,0x000000077707ecf0,0x0000000777080000)
  to   space 16896K, 0% used [0x000000077ea00000,0x000000077ea00000,0x000000077fa80000)
 ParOldGen       total 92160K, used 11061K [0x00000006c1e00000, 0x00000006c7800000, 0x000000076b500000)
  object space 92160K, 12% used [0x00000006c1e00000,0x00000006c28cd540,0x00000006c7800000)
 Metaspace       used 33757K, capacity 35432K, committed 35496K, reserved 1079296K
  class space    used 4483K, capacity 4801K, committed 4864K, reserved 1048576K
Event: 6.449 GC heap after
Heap after GC invocations=9 (full 2):
 PSYoungGen      total 192000K, used 0K [0x000000076b500000, 0x000000077fa80000, 0x00000007c0000000)
  eden space 177664K, 0% used [0x000000076b500000,0x000000076b500000,0x0000000776280000)
  from space 14336K, 0% used [0x0000000776280000,0x0000000776280000,0x0000000777080000)
  to   space 16896K, 0% used [0x000000077ea00000,0x000000077ea00000,0x000000077fa80000)
 ParOldGen       total 140800K, used 20572K [0x00000006c1e00000, 0x00000006ca780000, 0x000000076b500000)
  object space 140800K, 14% used [0x00000006c1e00000,0x00000006c3217240,0x00000006ca780000)
 Metaspace       used 33757K, capacity 35432K, committed 35496K, reserved 1079296K
  class space    used 4483K, capacity 4801K, committed 4864K, reserved 1048576K
}
Event: 24.865 GC heap before
{Heap before GC invocations=10 (full 2):
 PSYoungGen      total 192000K, used 177664K [0x000000076b500000, 0x000000077fa80000, 0x00000007c0000000)
  eden space 177664K, 100% used [0x000000076b500000,0x0000000776280000,0x0000000776280000)
  from space 14336K, 0% used [0x0000000776280000,0x0000000776280000,0x0000000777080000)
  to   space 16896K, 0% used [0x000000077ea00000,0x000000077ea00000,0x000000077fa80000)
 ParOldGen       total 140800K, used 20572K [0x00000006c1e00000, 0x00000006ca780000, 0x000000076b500000)
  object space 140800K, 14% used [0x00000006c1e00000,0x00000006c3217240,0x00000006ca780000)
 Metaspace       used 49816K, capacity 51752K, committed 52096K, reserved 1093632K
  class space    used 6863K, capacity 7255K, committed 7296K, reserved 1048576K
Event: 24.878 GC heap after
Heap after GC invocations=10 (full 2):
 PSYoungGen      total 294912K, used 16883K [0x000000076b500000, 0x000000077fa80000, 0x00000007c0000000)
  eden space 278016K, 0% used [0x000000076b500000,0x000000076b500000,0x000000077c480000)
  from space 16896K, 99% used [0x000000077ea00000,0x000000077fa7cc10,0x000000077fa80000)
  to   space 19968K, 0% used [0x000000077d380000,0x000000077d380000,0x000000077e700000)
 ParOldGen       total 140800K, used 22130K [0x00000006c1e00000, 0x00000006ca780000, 0x000000076b500000)
  object space 140800K, 15% used [0x00000006c1e00000,0x00000006c339cb28,0x00000006ca780000)
 Metaspace       used 49816K, capacity 51752K, committed 52096K, reserved 1093632K
  class space    used 6863K, capacity 7255K, committed 7296K, reserved 1048576K
}
Event: 26.178 GC heap before
{Heap before GC invocations=11 (full 2):
 PSYoungGen      total 294912K, used 294899K [0x000000076b500000, 0x000000077fa80000, 0x00000007c0000000)
  eden space 278016K, 100% used [0x000000076b500000,0x000000077c480000,0x000000077c480000)
  from space 16896K, 99% used [0x000000077ea00000,0x000000077fa7cc10,0x000000077fa80000)
  to   space 19968K, 0% used [0x000000077d380000,0x000000077d380000,0x000000077e700000)
 ParOldGen       total 140800K, used 22130K [0x00000006c1e00000, 0x00000006ca780000, 0x000000076b500000)
  object space 140800K, 15% used [0x00000006c1e00000,0x00000006c339cb28,0x00000006ca780000)
 Metaspace       used 56122K, capacity 58998K, committed 59160K, reserved 1099776K
  class space    used 7773K, capacity 8274K, committed 8320K, reserved 1048576K
Event: 26.191 GC heap after
Heap after GC invocations=11 (full 2):
 PSYoungGen      total 313344K, used 19952K [0x000000076b500000, 0x0000000784c00000, 0x00000007c0000000)
  eden space 293376K, 0% used [0x000000076b500000,0x000000076b500000,0x000000077d380000)
  from space 19968K, 99% used [0x000000077d380000,0x000000077e6fc2d0,0x000000077e700000)
  to   space 23040K, 0% used [0x0000000783580000,0x0000000783580000,0x0000000784c00000)
 ParOldGen       total 140800K, used 22323K [0x00000006c1e00000, 0x00000006ca780000, 0x000000076b500000)
  object space 140800K, 15% used [0x00000006c1e00000,0x00000006c33ccc58,0x00000006ca780000)
 Metaspace       used 56122K, capacity 58998K, committed 59160K, reserved 1099776K
  class space    used 7773K, capacity 8274K, committed 8320K, reserved 1048576K
}
Event: 26.209 GC heap before
{Heap before GC invocations=12 (full 2):
 PSYoungGen      total 313344K, used 25531K [0x000000076b500000, 0x0000000784c00000, 0x00000007c0000000)
  eden space 293376K, 1% used [0x000000076b500000,0x000000076ba72a50,0x000000077d380000)
  from space 19968K, 99% used [0x000000077d380000,0x000000077e6fc2d0,0x000000077e700000)
  to   space 23040K, 0% used [0x0000000783580000,0x0000000783580000,0x0000000784c00000)
 ParOldGen       total 140800K, used 22323K [0x00000006c1e00000, 0x00000006ca780000, 0x000000076b500000)
  object space 140800K, 15% used [0x00000006c1e00000,0x00000006c33ccc58,0x00000006ca780000)
 Metaspace       used 56186K, capacity 59156K, committed 59160K, reserved 1099776K
  class space    used 7787K, capacity 8317K, committed 8320K, reserved 1048576K
Event: 26.219 GC heap after
Heap after GC invocations=12 (full 2):
 PSYoungGen      total 394752K, used 9936K [0x000000076b500000, 0x0000000789b80000, 0x00000007c0000000)
  eden space 371712K, 0% used [0x000000076b500000,0x000000076b500000,0x0000000782000000)
  from space 23040K, 43% used [0x0000000783580000,0x0000000783f34020,0x0000000784c00000)
  to   space 22016K, 0% used [0x0000000782000000,0x0000000782000000,0x0000000783580000)
 ParOldGen       total 140800K, used 27904K [0x00000006c1e00000, 0x00000006ca780000, 0x000000076b500000)
  object space 140800K, 19% used [0x00000006c1e00000,0x00000006c3940398,0x00000006ca780000)
 Metaspace       used 56186K, capacity 59156K, committed 59160K, reserved 1099776K
  class space    used 7787K, capacity 8317K, committed 8320K, reserved 1048576K
}
Event: 26.219 GC heap before
{Heap before GC invocations=13 (full 3):
 PSYoungGen      total 394752K, used 9936K [0x000000076b500000, 0x0000000789b80000, 0x00000007c0000000)
  eden space 371712K, 0% used [0x000000076b500000,0x000000076b500000,0x0000000782000000)
  from space 23040K, 43% used [0x0000000783580000,0x0000000783f34020,0x0000000784c00000)
  to   space 22016K, 0% used [0x0000000782000000,0x0000000782000000,0x0000000783580000)
 ParOldGen       total 140800K, used 27904K [0x00000006c1e00000, 0x00000006ca780000, 0x000000076b500000)
  object space 140800K, 19% used [0x00000006c1e00000,0x00000006c3940398,0x00000006ca780000)
 Metaspace       used 56186K, capacity 59156K, committed 59160K, reserved 1099776K
  class space    used 7787K, capacity 8317K, committed 8320K, reserved 1048576K
Event: 26.351 GC heap after
Heap after GC invocations=13 (full 3):
 PSYoungGen      total 394752K, used 0K [0x000000076b500000, 0x0000000789b80000, 0x00000007c0000000)
  eden space 371712K, 0% used [0x000000076b500000,0x000000076b500000,0x0000000782000000)
  from space 23040K, 0% used [0x0000000783580000,0x0000000783580000,0x0000000784c00000)
  to   space 22016K, 0% used [0x0000000782000000,0x0000000782000000,0x0000000783580000)
 ParOldGen       total 159744K, used 31871K [0x00000006c1e00000, 0x00000006cba00000, 0x000000076b500000)
  object space 159744K, 19% used [0x00000006c1e00000,0x00000006c3d1ff68,0x00000006cba00000)
 Metaspace       used 56186K, capacity 59156K, committed 59160K, reserved 1099776K
  class space    used 7787K, capacity 8317K, committed 8320K, reserved 1048576K
}

